[20240425 16:23:06:885][INFO ][com.example.demo.DemoApplication] Starting DemoApplication using Java 21.0.1 with PID 10608 (C:\Users\dnu05\sprintProjects\html-java\target\classes started by dnu05 in C:\Users\dnu05\sprintProjects\html-java)
[20240425 16:23:06:886][INFO ][com.example.demo.DemoApplication] No active profile set, falling back to 1 default profile: "default"
[20240425 16:23:06:919][INFO ][o.s.b.d.e.DevToolsPropertyDefaultsPostProcessor] Devtools property defaults active! Set 'spring.devtools.add-properties' to 'false' to disable
[20240425 16:23:06:920][INFO ][o.s.b.d.e.DevToolsPropertyDefaultsPostProcessor] For additional web related logging consider setting the 'logging.level.web' property to 'DEBUG'
[20240425 16:23:07:615][INFO ][o.s.b.w.embedded.tomcat.TomcatWebServer] Tomcat initialized with port 4242 (http)
[20240425 16:23:07:620][INFO ][o.apache.coyote.http11.Http11NioProtocol] Initializing ProtocolHandler ["http-nio-4242"]
[20240425 16:23:07:621][INFO ][o.apache.catalina.core.StandardService] Starting service [Tomcat]
[20240425 16:23:07:621][INFO ][org.apache.catalina.core.StandardEngine] Starting Servlet engine: [Apache Tomcat/10.1.16]
[20240425 16:23:07:659][INFO ][o.a.c.c.C.[Tomcat].[localhost].[/]] Initializing Spring embedded WebApplicationContext
[20240425 16:23:07:659][INFO ][o.s.b.w.s.c.ServletWebServerApplicationContext] Root WebApplicationContext: initialization completed in 739 ms
[20240425 16:23:07:916][INFO ][o.s.b.d.a.OptionalLiveReloadServer] LiveReload server is running on port 35729
[20240425 16:23:07:926][INFO ][o.apache.coyote.http11.Http11NioProtocol] Starting ProtocolHandler ["http-nio-4242"]
[20240425 16:23:07:943][INFO ][o.s.b.w.embedded.tomcat.TomcatWebServer] Tomcat started on port 4242 (http) with context path ''
[20240425 16:23:07:948][INFO ][com.example.demo.DemoApplication] Started DemoApplication in 1.455 seconds (process running for 2.072)
[20240425 16:23:11:363][INFO ][o.s.b.d.a.LocalDevToolsAutoConfiguration$RestartingClassPathChangeChangedEventListener] Restarting due to 4 class path changes (0 additions, 3 deletions, 1 modification)
[20240425 16:23:11:367][INFO ][o.apache.coyote.http11.Http11NioProtocol] Stopping ProtocolHandler ["http-nio-4242"]
[20240425 16:23:11:443][INFO ][com.example.demo.DemoApplication] Starting DemoApplication using Java 21.0.1 with PID 10608 (C:\Users\dnu05\sprintProjects\html-java\target\classes started by dnu05 in C:\Users\dnu05\sprintProjects\html-java)
[20240425 16:23:11:443][INFO ][com.example.demo.DemoApplication] No active profile set, falling back to 1 default profile: "default"
[20240425 16:23:11:611][INFO ][o.s.b.w.embedded.tomcat.TomcatWebServer] Tomcat initialized with port 4242 (http)
[20240425 16:23:11:611][INFO ][o.apache.coyote.http11.Http11NioProtocol] Initializing ProtocolHandler ["http-nio-4242"]
[20240425 16:23:11:611][INFO ][o.apache.catalina.core.StandardService] Starting service [Tomcat]
[20240425 16:23:11:611][INFO ][org.apache.catalina.core.StandardEngine] Starting Servlet engine: [Apache Tomcat/10.1.16]
[20240425 16:23:11:630][INFO ][o.a.c.c.C.[Tomcat].[localhost].[/]] Initializing Spring embedded WebApplicationContext
[20240425 16:23:11:630][INFO ][o.s.b.w.s.c.ServletWebServerApplicationContext] Root WebApplicationContext: initialization completed in 183 ms
[20240425 16:23:11:685][INFO ][o.s.b.d.a.OptionalLiveReloadServer] LiveReload server is running on port 35729
[20240425 16:23:11:689][INFO ][o.apache.coyote.http11.Http11NioProtocol] Starting ProtocolHandler ["http-nio-4242"]
[20240425 16:23:11:692][INFO ][o.s.b.w.embedded.tomcat.TomcatWebServer] Tomcat started on port 4242 (http) with context path ''
[20240425 16:23:11:693][INFO ][com.example.demo.DemoApplication] Started DemoApplication in 0.286 seconds (process running for 5.816)
[20240425 16:23:11:694][INFO ][o.s.b.d.a.ConditionEvaluationDeltaLoggingListener] Condition evaluation unchanged
[20240425 16:23:13:115][INFO ][o.s.b.d.a.LocalDevToolsAutoConfiguration$RestartingClassPathChangeChangedEventListener] Restarting due to 3 class path changes (3 additions, 0 deletions, 0 modifications)
[20240425 16:23:13:116][INFO ][o.apache.coyote.http11.Http11NioProtocol] Stopping ProtocolHandler ["http-nio-4242"]
[20240425 16:23:13:175][INFO ][com.example.demo.DemoApplication] Starting DemoApplication using Java 21.0.1 with PID 10608 (C:\Users\dnu05\sprintProjects\html-java\target\classes started by dnu05 in C:\Users\dnu05\sprintProjects\html-java)
[20240425 16:23:13:175][INFO ][com.example.demo.DemoApplication] No active profile set, falling back to 1 default profile: "default"
[20240425 16:23:13:309][INFO ][o.s.b.w.embedded.tomcat.TomcatWebServer] Tomcat initialized with port 4242 (http)
[20240425 16:23:13:310][INFO ][o.apache.coyote.http11.Http11NioProtocol] Initializing ProtocolHandler ["http-nio-4242"]
[20240425 16:23:13:310][INFO ][o.apache.catalina.core.StandardService] Starting service [Tomcat]
[20240425 16:23:13:310][INFO ][org.apache.catalina.core.StandardEngine] Starting Servlet engine: [Apache Tomcat/10.1.16]
[20240425 16:23:13:325][INFO ][o.a.c.c.C.[Tomcat].[localhost].[/]] Initializing Spring embedded WebApplicationContext
[20240425 16:23:13:325][INFO ][o.s.b.w.s.c.ServletWebServerApplicationContext] Root WebApplicationContext: initialization completed in 148 ms
[20240425 16:23:13:374][INFO ][o.s.b.d.a.OptionalLiveReloadServer] LiveReload server is running on port 35729
[20240425 16:23:13:377][INFO ][o.apache.coyote.http11.Http11NioProtocol] Starting ProtocolHandler ["http-nio-4242"]
[20240425 16:23:13:380][INFO ][o.s.b.w.embedded.tomcat.TomcatWebServer] Tomcat started on port 4242 (http) with context path ''
[20240425 16:23:13:382][INFO ][com.example.demo.DemoApplication] Started DemoApplication in 0.235 seconds (process running for 7.505)
[20240425 16:23:13:382][INFO ][o.s.b.d.a.ConditionEvaluationDeltaLoggingListener] Condition evaluation unchanged
[20240425 16:23:24:266][INFO ][o.a.c.c.C.[Tomcat].[localhost].[/]] Initializing Spring DispatcherServlet 'dispatcherServlet'
[20240425 16:23:24:266][INFO ][o.s.web.servlet.DispatcherServlet] Initializing Servlet 'dispatcherServlet'
[20240425 16:23:24:267][INFO ][o.s.web.servlet.DispatcherServlet] Completed initialization in 0 ms
[20240425 16:24:10:821][INFO ][o.s.b.d.a.LocalDevToolsAutoConfiguration$RestartingClassPathChangeChangedEventListener] Restarting due to 1 class path change (0 additions, 0 deletions, 1 modification)
[20240425 16:24:10:822][INFO ][o.apache.coyote.http11.Http11NioProtocol] Stopping ProtocolHandler ["http-nio-4242"]
[20240425 16:24:10:883][INFO ][com.example.demo.DemoApplication] Starting DemoApplication using Java 21.0.1 with PID 10608 (C:\Users\dnu05\sprintProjects\html-java\target\classes started by dnu05 in C:\Users\dnu05\sprintProjects\html-java)
[20240425 16:24:10:883][INFO ][com.example.demo.DemoApplication] No active profile set, falling back to 1 default profile: "default"
[20240425 16:24:11:030][INFO ][o.s.b.w.embedded.tomcat.TomcatWebServer] Tomcat initialized with port 4242 (http)
[20240425 16:24:11:030][INFO ][o.apache.coyote.http11.Http11NioProtocol] Initializing ProtocolHandler ["http-nio-4242"]
[20240425 16:24:11:031][INFO ][o.apache.catalina.core.StandardService] Starting service [Tomcat]
[20240425 16:24:11:031][INFO ][org.apache.catalina.core.StandardEngine] Starting Servlet engine: [Apache Tomcat/10.1.16]
[20240425 16:24:11:049][INFO ][o.a.c.c.C.[Tomcat].[localhost].[/]] Initializing Spring embedded WebApplicationContext
[20240425 16:24:11:049][INFO ][o.s.b.w.s.c.ServletWebServerApplicationContext] Root WebApplicationContext: initialization completed in 165 ms
[20240425 16:24:11:090][INFO ][o.s.b.d.a.OptionalLiveReloadServer] LiveReload server is running on port 35729
[20240425 16:24:11:093][INFO ][o.apache.coyote.http11.Http11NioProtocol] Starting ProtocolHandler ["http-nio-4242"]
[20240425 16:24:11:096][INFO ][o.s.b.w.embedded.tomcat.TomcatWebServer] Tomcat started on port 4242 (http) with context path ''
[20240425 16:24:11:097][INFO ][com.example.demo.DemoApplication] Started DemoApplication in 0.24 seconds (process running for 65.221)
[20240425 16:24:11:098][INFO ][o.s.b.d.a.ConditionEvaluationDeltaLoggingListener] Condition evaluation unchanged
[20240425 16:25:22:645][INFO ][o.s.b.d.a.LocalDevToolsAutoConfiguration$RestartingClassPathChangeChangedEventListener] Restarting due to 1 class path change (0 additions, 0 deletions, 1 modification)
[20240425 16:25:22:647][INFO ][o.apache.coyote.http11.Http11NioProtocol] Stopping ProtocolHandler ["http-nio-4242"]
[20240425 16:25:22:704][INFO ][com.example.demo.DemoApplication] Starting DemoApplication using Java 21.0.1 with PID 10608 (C:\Users\dnu05\sprintProjects\html-java\target\classes started by dnu05 in C:\Users\dnu05\sprintProjects\html-java)
[20240425 16:25:22:704][INFO ][com.example.demo.DemoApplication] No active profile set, falling back to 1 default profile: "default"
[20240425 16:25:22:838][INFO ][o.s.b.w.embedded.tomcat.TomcatWebServer] Tomcat initialized with port 4242 (http)
[20240425 16:25:22:838][INFO ][o.apache.coyote.http11.Http11NioProtocol] Initializing ProtocolHandler ["http-nio-4242"]
[20240425 16:25:22:838][INFO ][o.apache.catalina.core.StandardService] Starting service [Tomcat]
[20240425 16:25:22:839][INFO ][org.apache.catalina.core.StandardEngine] Starting Servlet engine: [Apache Tomcat/10.1.16]
[20240425 16:25:22:856][INFO ][o.a.c.c.C.[Tomcat].[localhost].[/]] Initializing Spring embedded WebApplicationContext
[20240425 16:25:22:856][INFO ][o.s.b.w.s.c.ServletWebServerApplicationContext] Root WebApplicationContext: initialization completed in 151 ms
[20240425 16:25:22:902][INFO ][o.s.b.d.a.OptionalLiveReloadServer] LiveReload server is running on port 35729
[20240425 16:25:22:905][INFO ][o.apache.coyote.http11.Http11NioProtocol] Starting ProtocolHandler ["http-nio-4242"]
[20240425 16:25:22:908][INFO ][o.s.b.w.embedded.tomcat.TomcatWebServer] Tomcat started on port 4242 (http) with context path ''
[20240425 16:25:22:909][INFO ][com.example.demo.DemoApplication] Started DemoApplication in 0.227 seconds (process running for 137.033)
[20240425 16:25:22:909][INFO ][o.s.b.d.a.ConditionEvaluationDeltaLoggingListener] Condition evaluation unchanged
[20240425 16:25:39:561][INFO ][o.s.b.d.a.LocalDevToolsAutoConfiguration$RestartingClassPathChangeChangedEventListener] Restarting due to 1 class path change (0 additions, 0 deletions, 1 modification)
[20240425 16:25:39:562][INFO ][o.apache.coyote.http11.Http11NioProtocol] Stopping ProtocolHandler ["http-nio-4242"]
[20240425 16:25:39:620][INFO ][com.example.demo.DemoApplication] Starting DemoApplication using Java 21.0.1 with PID 10608 (C:\Users\dnu05\sprintProjects\html-java\target\classes started by dnu05 in C:\Users\dnu05\sprintProjects\html-java)
[20240425 16:25:39:620][INFO ][com.example.demo.DemoApplication] No active profile set, falling back to 1 default profile: "default"
[20240425 16:25:39:751][INFO ][o.s.b.w.embedded.tomcat.TomcatWebServer] Tomcat initialized with port 4242 (http)
[20240425 16:25:39:753][INFO ][o.apache.coyote.http11.Http11NioProtocol] Initializing ProtocolHandler ["http-nio-4242"]
[20240425 16:25:39:753][INFO ][o.apache.catalina.core.StandardService] Starting service [Tomcat]
[20240425 16:25:39:753][INFO ][org.apache.catalina.core.StandardEngine] Starting Servlet engine: [Apache Tomcat/10.1.16]
[20240425 16:25:39:767][INFO ][o.a.c.c.C.[Tomcat].[localhost].[/]] Initializing Spring embedded WebApplicationContext
[20240425 16:25:39:767][INFO ][o.s.b.w.s.c.ServletWebServerApplicationContext] Root WebApplicationContext: initialization completed in 145 ms
[20240425 16:25:39:801][INFO ][o.s.b.d.a.OptionalLiveReloadServer] LiveReload server is running on port 35729
[20240425 16:25:39:804][INFO ][o.apache.coyote.http11.Http11NioProtocol] Starting ProtocolHandler ["http-nio-4242"]
[20240425 16:25:39:807][INFO ][o.s.b.w.embedded.tomcat.TomcatWebServer] Tomcat started on port 4242 (http) with context path ''
[20240425 16:25:39:808][INFO ][com.example.demo.DemoApplication] Started DemoApplication in 0.213 seconds (process running for 153.931)
[20240425 16:25:39:809][INFO ][o.s.b.d.a.ConditionEvaluationDeltaLoggingListener] Condition evaluation unchanged
[20240425 16:26:11:477][INFO ][o.s.b.d.a.LocalDevToolsAutoConfiguration$RestartingClassPathChangeChangedEventListener] Restarting due to 9 class path changes (0 additions, 0 deletions, 9 modifications)
[20240425 16:26:11:478][INFO ][o.apache.coyote.http11.Http11NioProtocol] Stopping ProtocolHandler ["http-nio-4242"]
[20240425 16:26:11:540][INFO ][com.example.demo.DemoApplication] Starting DemoApplication using Java 21.0.1 with PID 10608 (C:\Users\dnu05\sprintProjects\html-java\target\classes started by dnu05 in C:\Users\dnu05\sprintProjects\html-java)
[20240425 16:26:11:540][INFO ][com.example.demo.DemoApplication] No active profile set, falling back to 1 default profile: "default"
[20240425 16:26:11:675][INFO ][o.s.b.w.embedded.tomcat.TomcatWebServer] Tomcat initialized with port 4242 (http)
[20240425 16:26:11:675][INFO ][o.apache.coyote.http11.Http11NioProtocol] Initializing ProtocolHandler ["http-nio-4242"]
[20240425 16:26:11:675][INFO ][o.apache.catalina.core.StandardService] Starting service [Tomcat]
[20240425 16:26:11:676][INFO ][org.apache.catalina.core.StandardEngine] Starting Servlet engine: [Apache Tomcat/10.1.16]
[20240425 16:26:11:691][INFO ][o.a.c.c.C.[Tomcat].[localhost].[/]] Initializing Spring embedded WebApplicationContext
[20240425 16:26:11:691][INFO ][o.s.b.w.s.c.ServletWebServerApplicationContext] Root WebApplicationContext: initialization completed in 150 ms
[20240425 16:26:11:730][INFO ][o.s.b.d.a.OptionalLiveReloadServer] LiveReload server is running on port 35729
[20240425 16:26:11:733][INFO ][o.apache.coyote.http11.Http11NioProtocol] Starting ProtocolHandler ["http-nio-4242"]
[20240425 16:26:11:736][INFO ][o.s.b.w.embedded.tomcat.TomcatWebServer] Tomcat started on port 4242 (http) with context path ''
[20240425 16:26:11:737][INFO ][com.example.demo.DemoApplication] Started DemoApplication in 0.229 seconds (process running for 185.86)
[20240425 16:26:11:737][INFO ][o.s.b.d.a.ConditionEvaluationDeltaLoggingListener] Condition evaluation unchanged
[20240425 16:36:05:417][INFO ][o.s.b.d.a.LocalDevToolsAutoConfiguration$RestartingClassPathChangeChangedEventListener] Restarting due to 1 class path change (0 additions, 0 deletions, 1 modification)
[20240425 16:36:05:418][INFO ][o.apache.coyote.http11.Http11NioProtocol] Stopping ProtocolHandler ["http-nio-4242"]
[20240425 16:36:05:467][INFO ][com.example.demo.DemoApplication] Starting DemoApplication using Java 21.0.1 with PID 10608 (C:\Users\dnu05\sprintProjects\html-java\target\classes started by dnu05 in C:\Users\dnu05\sprintProjects\html-java)
[20240425 16:36:05:468][INFO ][com.example.demo.DemoApplication] No active profile set, falling back to 1 default profile: "default"
[20240425 16:36:05:590][INFO ][o.s.b.w.embedded.tomcat.TomcatWebServer] Tomcat initialized with port 4242 (http)
[20240425 16:36:05:591][INFO ][o.apache.coyote.http11.Http11NioProtocol] Initializing ProtocolHandler ["http-nio-4242"]
[20240425 16:36:05:591][INFO ][o.apache.catalina.core.StandardService] Starting service [Tomcat]
[20240425 16:36:05:591][INFO ][org.apache.catalina.core.StandardEngine] Starting Servlet engine: [Apache Tomcat/10.1.16]
[20240425 16:36:05:605][INFO ][o.a.c.c.C.[Tomcat].[localhost].[/]] Initializing Spring embedded WebApplicationContext
[20240425 16:36:05:605][INFO ][o.s.b.w.s.c.ServletWebServerApplicationContext] Root WebApplicationContext: initialization completed in 136 ms
[20240425 16:36:05:640][INFO ][o.s.b.d.a.OptionalLiveReloadServer] LiveReload server is running on port 35729
[20240425 16:36:05:643][INFO ][o.apache.coyote.http11.Http11NioProtocol] Starting ProtocolHandler ["http-nio-4242"]
[20240425 16:36:05:646][INFO ][o.s.b.w.embedded.tomcat.TomcatWebServer] Tomcat started on port 4242 (http) with context path ''
[20240425 16:36:05:647][INFO ][com.example.demo.DemoApplication] Started DemoApplication in 0.201 seconds (process running for 779.77)
[20240425 16:36:05:647][INFO ][o.s.b.d.a.ConditionEvaluationDeltaLoggingListener] Condition evaluation unchanged
[20240425 16:36:15:222][INFO ][o.s.b.d.a.LocalDevToolsAutoConfiguration$RestartingClassPathChangeChangedEventListener] Restarting due to 1 class path change (0 additions, 0 deletions, 1 modification)
[20240425 16:36:15:223][INFO ][o.apache.coyote.http11.Http11NioProtocol] Stopping ProtocolHandler ["http-nio-4242"]
[20240425 16:36:15:273][INFO ][com.example.demo.DemoApplication] Starting DemoApplication using Java 21.0.1 with PID 10608 (C:\Users\dnu05\sprintProjects\html-java\target\classes started by dnu05 in C:\Users\dnu05\sprintProjects\html-java)
[20240425 16:36:15:273][INFO ][com.example.demo.DemoApplication] No active profile set, falling back to 1 default profile: "default"
[20240425 16:36:15:392][INFO ][o.s.b.w.embedded.tomcat.TomcatWebServer] Tomcat initialized with port 4242 (http)
[20240425 16:36:15:392][INFO ][o.apache.coyote.http11.Http11NioProtocol] Initializing ProtocolHandler ["http-nio-4242"]
[20240425 16:36:15:392][INFO ][o.apache.catalina.core.StandardService] Starting service [Tomcat]
[20240425 16:36:15:392][INFO ][org.apache.catalina.core.StandardEngine] Starting Servlet engine: [Apache Tomcat/10.1.16]
[20240425 16:36:15:408][INFO ][o.a.c.c.C.[Tomcat].[localhost].[/]] Initializing Spring embedded WebApplicationContext
[20240425 16:36:15:409][INFO ][o.s.b.w.s.c.ServletWebServerApplicationContext] Root WebApplicationContext: initialization completed in 134 ms
[20240425 16:36:15:444][INFO ][o.s.b.d.a.OptionalLiveReloadServer] LiveReload server is running on port 35729
[20240425 16:36:15:447][INFO ][o.apache.coyote.http11.Http11NioProtocol] Starting ProtocolHandler ["http-nio-4242"]
[20240425 16:36:15:450][INFO ][o.s.b.w.embedded.tomcat.TomcatWebServer] Tomcat started on port 4242 (http) with context path ''
[20240425 16:36:15:451][INFO ][com.example.demo.DemoApplication] Started DemoApplication in 0.199 seconds (process running for 789.574)
[20240425 16:36:15:452][INFO ][o.s.b.d.a.ConditionEvaluationDeltaLoggingListener] Condition evaluation unchanged
[20240425 16:37:08:690][INFO ][o.a.c.c.C.[Tomcat].[localhost].[/]] Initializing Spring DispatcherServlet 'dispatcherServlet'
[20240425 16:37:08:690][INFO ][o.s.web.servlet.DispatcherServlet] Initializing Servlet 'dispatcherServlet'
[20240425 16:37:08:691][INFO ][o.s.web.servlet.DispatcherServlet] Completed initialization in 1 ms
[20240425 16:53:32:743][INFO ][o.s.b.d.a.LocalDevToolsAutoConfiguration$RestartingClassPathChangeChangedEventListener] Restarting due to 1 class path change (0 additions, 1 deletion, 0 modifications)
[20240425 16:53:32:744][INFO ][o.apache.coyote.http11.Http11NioProtocol] Stopping ProtocolHandler ["http-nio-4242"]
[20240425 16:53:32:807][INFO ][com.example.demo.DemoApplication] Starting DemoApplication using Java 21.0.1 with PID 10608 (C:\Users\dnu05\sprintProjects\html-java\target\classes started by dnu05 in C:\Users\dnu05\sprintProjects\html-java)
[20240425 16:53:32:807][INFO ][com.example.demo.DemoApplication] No active profile set, falling back to 1 default profile: "default"
[20240425 16:53:32:962][INFO ][o.s.b.w.embedded.tomcat.TomcatWebServer] Tomcat initialized with port 4242 (http)
[20240425 16:53:32:963][INFO ][o.apache.coyote.http11.Http11NioProtocol] Initializing ProtocolHandler ["http-nio-4242"]
[20240425 16:53:32:963][INFO ][o.apache.catalina.core.StandardService] Starting service [Tomcat]
[20240425 16:53:32:963][INFO ][org.apache.catalina.core.StandardEngine] Starting Servlet engine: [Apache Tomcat/10.1.16]
[20240425 16:53:32:980][INFO ][o.a.c.c.C.[Tomcat].[localhost].[/]] Initializing Spring embedded WebApplicationContext
[20240425 16:53:32:980][INFO ][o.s.b.w.s.c.ServletWebServerApplicationContext] Root WebApplicationContext: initialization completed in 171 ms
[20240425 16:53:32:990][WARN ][o.s.b.w.s.c.AnnotationConfigServletWebServerApplicationContext] Exception encountered during context initialization - cancelling refresh attempt: org.springframework.beans.factory.BeanCreationException: Error creating bean with name 'widgetController': Injection of autowired dependencies failed
[20240425 16:53:32:991][INFO ][o.apache.catalina.core.StandardService] Stopping service [Tomcat]
[20240425 16:53:32:996][INFO ][o.s.b.a.l.ConditionEvaluationReportLogger] 

Error starting ApplicationContext. To display the condition evaluation report re-run your application with 'debug' enabled.
[20240425 16:53:33:014][ERROR][o.springframework.boot.SpringApplication] Application run failed
org.springframework.beans.factory.BeanCreationException: Error creating bean with name 'widgetController': Injection of autowired dependencies failed
	at org.springframework.beans.factory.annotation.AutowiredAnnotationBeanPostProcessor.postProcessProperties(AutowiredAnnotationBeanPostProcessor.java:499)
	at org.springframework.beans.factory.support.AbstractAutowireCapableBeanFactory.populateBean(AbstractAutowireCapableBeanFactory.java:1420)
	at org.springframework.beans.factory.support.AbstractAutowireCapableBeanFactory.doCreateBean(AbstractAutowireCapableBeanFactory.java:600)
	at org.springframework.beans.factory.support.AbstractAutowireCapableBeanFactory.createBean(AbstractAutowireCapableBeanFactory.java:523)
	at org.springframework.beans.factory.support.AbstractBeanFactory.lambda$doGetBean$0(AbstractBeanFactory.java:325)
	at org.springframework.beans.factory.support.DefaultSingletonBeanRegistry.getSingleton(DefaultSingletonBeanRegistry.java:234)
	at org.springframework.beans.factory.support.AbstractBeanFactory.doGetBean(AbstractBeanFactory.java:323)
	at org.springframework.beans.factory.support.AbstractBeanFactory.getBean(AbstractBeanFactory.java:199)
	at org.springframework.beans.factory.support.DefaultListableBeanFactory.preInstantiateSingletons(DefaultListableBeanFactory.java:973)
	at org.springframework.context.support.AbstractApplicationContext.finishBeanFactoryInitialization(AbstractApplicationContext.java:946)
	at org.springframework.context.support.AbstractApplicationContext.refresh(AbstractApplicationContext.java:616)
	at org.springframework.boot.web.servlet.context.ServletWebServerApplicationContext.refresh(ServletWebServerApplicationContext.java:146)
	at org.springframework.boot.SpringApplication.refresh(SpringApplication.java:753)
	at org.springframework.boot.SpringApplication.refreshContext(SpringApplication.java:455)
	at org.springframework.boot.SpringApplication.run(SpringApplication.java:323)
	at org.springframework.boot.SpringApplication.run(SpringApplication.java:1342)
	at org.springframework.boot.SpringApplication.run(SpringApplication.java:1331)
	at com.example.demo.DemoApplication.main(DemoApplication.java:10)
	at java.base/jdk.internal.reflect.DirectMethodHandleAccessor.invoke(DirectMethodHandleAccessor.java:103)
	at java.base/java.lang.reflect.Method.invoke(Method.java:580)
	at org.springframework.boot.devtools.restart.RestartLauncher.run(RestartLauncher.java:50)
Caused by: java.lang.IllegalArgumentException: Could not resolve placeholder '' in value "${}"
	at org.springframework.util.PropertyPlaceholderHelper.parseStringValue(PropertyPlaceholderHelper.java:180)
	at org.springframework.util.PropertyPlaceholderHelper.replacePlaceholders(PropertyPlaceholderHelper.java:126)
	at org.springframework.core.env.AbstractPropertyResolver.doResolvePlaceholders(AbstractPropertyResolver.java:239)
	at org.springframework.core.env.AbstractPropertyResolver.resolveRequiredPlaceholders(AbstractPropertyResolver.java:210)
	at org.springframework.context.support.PropertySourcesPlaceholderConfigurer.lambda$processProperties$0(PropertySourcesPlaceholderConfigurer.java:200)
	at org.springframework.beans.factory.support.AbstractBeanFactory.resolveEmbeddedValue(AbstractBeanFactory.java:921)
	at org.springframework.beans.factory.support.DefaultListableBeanFactory.doResolveDependency(DefaultListableBeanFactory.java:1372)
	at org.springframework.beans.factory.support.DefaultListableBeanFactory.resolveDependency(DefaultListableBeanFactory.java:1348)
	at org.springframework.beans.factory.annotation.AutowiredAnnotationBeanPostProcessor$AutowiredFieldElement.resolveFieldValue(AutowiredAnnotationBeanPostProcessor.java:769)
	at org.springframework.beans.factory.annotation.AutowiredAnnotationBeanPostProcessor$AutowiredFieldElement.inject(AutowiredAnnotationBeanPostProcessor.java:752)
	at org.springframework.beans.factory.annotation.InjectionMetadata.inject(InjectionMetadata.java:145)
	at org.springframework.beans.factory.annotation.AutowiredAnnotationBeanPostProcessor.postProcessProperties(AutowiredAnnotationBeanPostProcessor.java:493)
	... 20 common frames omitted
[20240425 16:53:34:458][INFO ][com.example.demo.DemoApplication] Starting DemoApplication using Java 21.0.1 with PID 10608 (C:\Users\dnu05\sprintProjects\html-java\target\classes started by dnu05 in C:\Users\dnu05\sprintProjects\html-java)
[20240425 16:53:34:458][INFO ][com.example.demo.DemoApplication] No active profile set, falling back to 1 default profile: "default"
[20240425 16:53:34:580][INFO ][o.s.b.w.embedded.tomcat.TomcatWebServer] Tomcat initialized with port 4242 (http)
[20240425 16:53:34:581][INFO ][o.apache.coyote.http11.Http11NioProtocol] Initializing ProtocolHandler ["http-nio-4242"]
[20240425 16:53:34:581][INFO ][o.apache.catalina.core.StandardService] Starting service [Tomcat]
[20240425 16:53:34:581][INFO ][org.apache.catalina.core.StandardEngine] Starting Servlet engine: [Apache Tomcat/10.1.16]
[20240425 16:53:34:596][INFO ][o.a.c.c.C.[Tomcat-1].[localhost].[/]] Initializing Spring embedded WebApplicationContext
[20240425 16:53:34:596][INFO ][o.s.b.w.s.c.ServletWebServerApplicationContext] Root WebApplicationContext: initialization completed in 137 ms
[20240425 16:53:34:600][WARN ][o.s.b.w.s.c.AnnotationConfigServletWebServerApplicationContext] Exception encountered during context initialization - cancelling refresh attempt: org.springframework.beans.factory.BeanCreationException: Error creating bean with name 'widgetController': Injection of autowired dependencies failed
[20240425 16:53:34:600][INFO ][o.apache.catalina.core.StandardService] Stopping service [Tomcat]
[20240425 16:53:34:602][INFO ][o.s.b.a.l.ConditionEvaluationReportLogger] 

Error starting ApplicationContext. To display the condition evaluation report re-run your application with 'debug' enabled.
[20240425 16:53:34:605][ERROR][o.springframework.boot.SpringApplication] Application run failed
org.springframework.beans.factory.BeanCreationException: Error creating bean with name 'widgetController': Injection of autowired dependencies failed
	at org.springframework.beans.factory.annotation.AutowiredAnnotationBeanPostProcessor.postProcessProperties(AutowiredAnnotationBeanPostProcessor.java:499)
	at org.springframework.beans.factory.support.AbstractAutowireCapableBeanFactory.populateBean(AbstractAutowireCapableBeanFactory.java:1420)
	at org.springframework.beans.factory.support.AbstractAutowireCapableBeanFactory.doCreateBean(AbstractAutowireCapableBeanFactory.java:600)
	at org.springframework.beans.factory.support.AbstractAutowireCapableBeanFactory.createBean(AbstractAutowireCapableBeanFactory.java:523)
	at org.springframework.beans.factory.support.AbstractBeanFactory.lambda$doGetBean$0(AbstractBeanFactory.java:325)
	at org.springframework.beans.factory.support.DefaultSingletonBeanRegistry.getSingleton(DefaultSingletonBeanRegistry.java:234)
	at org.springframework.beans.factory.support.AbstractBeanFactory.doGetBean(AbstractBeanFactory.java:323)
	at org.springframework.beans.factory.support.AbstractBeanFactory.getBean(AbstractBeanFactory.java:199)
	at org.springframework.beans.factory.support.DefaultListableBeanFactory.preInstantiateSingletons(DefaultListableBeanFactory.java:973)
	at org.springframework.context.support.AbstractApplicationContext.finishBeanFactoryInitialization(AbstractApplicationContext.java:946)
	at org.springframework.context.support.AbstractApplicationContext.refresh(AbstractApplicationContext.java:616)
	at org.springframework.boot.web.servlet.context.ServletWebServerApplicationContext.refresh(ServletWebServerApplicationContext.java:146)
	at org.springframework.boot.SpringApplication.refresh(SpringApplication.java:753)
	at org.springframework.boot.SpringApplication.refreshContext(SpringApplication.java:455)
	at org.springframework.boot.SpringApplication.run(SpringApplication.java:323)
	at org.springframework.boot.SpringApplication.run(SpringApplication.java:1342)
	at org.springframework.boot.SpringApplication.run(SpringApplication.java:1331)
	at com.example.demo.DemoApplication.main(DemoApplication.java:10)
	at java.base/jdk.internal.reflect.DirectMethodHandleAccessor.invoke(DirectMethodHandleAccessor.java:103)
	at java.base/java.lang.reflect.Method.invoke(Method.java:580)
	at org.springframework.boot.devtools.restart.RestartLauncher.run(RestartLauncher.java:50)
Caused by: java.lang.IllegalArgumentException: Could not resolve placeholder '' in value "${}"
	at org.springframework.util.PropertyPlaceholderHelper.parseStringValue(PropertyPlaceholderHelper.java:180)
	at org.springframework.util.PropertyPlaceholderHelper.replacePlaceholders(PropertyPlaceholderHelper.java:126)
	at org.springframework.core.env.AbstractPropertyResolver.doResolvePlaceholders(AbstractPropertyResolver.java:239)
	at org.springframework.core.env.AbstractPropertyResolver.resolveRequiredPlaceholders(AbstractPropertyResolver.java:210)
	at org.springframework.context.support.PropertySourcesPlaceholderConfigurer.lambda$processProperties$0(PropertySourcesPlaceholderConfigurer.java:200)
	at org.springframework.beans.factory.support.AbstractBeanFactory.resolveEmbeddedValue(AbstractBeanFactory.java:921)
	at org.springframework.beans.factory.support.DefaultListableBeanFactory.doResolveDependency(DefaultListableBeanFactory.java:1372)
	at org.springframework.beans.factory.support.DefaultListableBeanFactory.resolveDependency(DefaultListableBeanFactory.java:1348)
	at org.springframework.beans.factory.annotation.AutowiredAnnotationBeanPostProcessor$AutowiredFieldElement.resolveFieldValue(AutowiredAnnotationBeanPostProcessor.java:769)
	at org.springframework.beans.factory.annotation.AutowiredAnnotationBeanPostProcessor$AutowiredFieldElement.inject(AutowiredAnnotationBeanPostProcessor.java:752)
	at org.springframework.beans.factory.annotation.InjectionMetadata.inject(InjectionMetadata.java:145)
	at org.springframework.beans.factory.annotation.AutowiredAnnotationBeanPostProcessor.postProcessProperties(AutowiredAnnotationBeanPostProcessor.java:493)
	... 20 common frames omitted
[20240425 16:53:49:286][INFO ][com.example.demo.DemoApplication] Starting DemoApplication using Java 21.0.1 with PID 10608 (C:\Users\dnu05\sprintProjects\html-java\target\classes started by dnu05 in C:\Users\dnu05\sprintProjects\html-java)
[20240425 16:53:49:287][INFO ][com.example.demo.DemoApplication] No active profile set, falling back to 1 default profile: "default"
[20240425 16:53:49:455][INFO ][o.s.b.w.embedded.tomcat.TomcatWebServer] Tomcat initialized with port 4242 (http)
[20240425 16:53:49:455][INFO ][o.apache.coyote.http11.Http11NioProtocol] Initializing ProtocolHandler ["http-nio-4242"]
[20240425 16:53:49:455][INFO ][o.apache.catalina.core.StandardService] Starting service [Tomcat]
[20240425 16:53:49:456][INFO ][org.apache.catalina.core.StandardEngine] Starting Servlet engine: [Apache Tomcat/10.1.16]
[20240425 16:53:49:475][INFO ][o.a.c.c.C.[Tomcat-2].[localhost].[/]] Initializing Spring embedded WebApplicationContext
[20240425 16:53:49:475][INFO ][o.s.b.w.s.c.ServletWebServerApplicationContext] Root WebApplicationContext: initialization completed in 187 ms
[20240425 16:53:49:552][INFO ][o.s.b.d.a.OptionalLiveReloadServer] LiveReload server is running on port 35729
[20240425 16:53:49:559][INFO ][o.apache.coyote.http11.Http11NioProtocol] Starting ProtocolHandler ["http-nio-4242"]
[20240425 16:53:49:563][INFO ][o.s.b.w.embedded.tomcat.TomcatWebServer] Tomcat started on port 4242 (http) with context path ''
[20240425 16:53:49:566][INFO ][com.example.demo.DemoApplication] Started DemoApplication in 0.299 seconds (process running for 1843.689)
[20240425 16:53:49:567][INFO ][o.s.b.d.a.ConditionEvaluationDeltaLoggingListener] Condition evaluation unchanged
[20240425 16:53:50:975][INFO ][o.s.b.d.a.LocalDevToolsAutoConfiguration$RestartingClassPathChangeChangedEventListener] Restarting due to 1 class path change (1 addition, 0 deletions, 0 modifications)
[20240425 16:53:50:976][INFO ][o.apache.coyote.http11.Http11NioProtocol] Stopping ProtocolHandler ["http-nio-4242"]
[20240425 16:53:51:029][INFO ][com.example.demo.DemoApplication] Starting DemoApplication using Java 21.0.1 with PID 10608 (C:\Users\dnu05\sprintProjects\html-java\target\classes started by dnu05 in C:\Users\dnu05\sprintProjects\html-java)
[20240425 16:53:51:029][INFO ][com.example.demo.DemoApplication] No active profile set, falling back to 1 default profile: "default"
[20240425 16:53:51:152][INFO ][o.s.b.w.embedded.tomcat.TomcatWebServer] Tomcat initialized with port 4242 (http)
[20240425 16:53:51:153][INFO ][o.apache.coyote.http11.Http11NioProtocol] Initializing ProtocolHandler ["http-nio-4242"]
[20240425 16:53:51:153][INFO ][o.apache.catalina.core.StandardService] Starting service [Tomcat]
[20240425 16:53:51:153][INFO ][org.apache.catalina.core.StandardEngine] Starting Servlet engine: [Apache Tomcat/10.1.16]
[20240425 16:53:51:167][INFO ][o.a.c.c.C.[Tomcat-2].[localhost].[/]] Initializing Spring embedded WebApplicationContext
[20240425 16:53:51:167][INFO ][o.s.b.w.s.c.ServletWebServerApplicationContext] Root WebApplicationContext: initialization completed in 137 ms
[20240425 16:53:51:175][WARN ][o.s.b.w.s.c.AnnotationConfigServletWebServerApplicationContext] Exception encountered during context initialization - cancelling refresh attempt: org.springframework.beans.factory.UnsatisfiedDependencyException: Error creating bean with name 'widgetController': Unsatisfied dependency expressed through field 'logger': Failed to convert value of type 'java.lang.String' to required type 'org.slf4j.Logger'; Cannot convert value of type 'java.lang.String' to required type 'org.slf4j.Logger': no matching editors or conversion strategy found
[20240425 16:53:51:175][INFO ][o.apache.catalina.core.StandardService] Stopping service [Tomcat]
[20240425 16:53:51:178][INFO ][o.s.b.a.l.ConditionEvaluationReportLogger] 

Error starting ApplicationContext. To display the condition evaluation report re-run your application with 'debug' enabled.
[20240425 16:53:51:181][ERROR][o.springframework.boot.SpringApplication] Application run failed
org.springframework.beans.factory.UnsatisfiedDependencyException: Error creating bean with name 'widgetController': Unsatisfied dependency expressed through field 'logger': Failed to convert value of type 'java.lang.String' to required type 'org.slf4j.Logger'; Cannot convert value of type 'java.lang.String' to required type 'org.slf4j.Logger': no matching editors or conversion strategy found
	at org.springframework.beans.factory.annotation.AutowiredAnnotationBeanPostProcessor$AutowiredFieldElement.resolveFieldValue(AutowiredAnnotationBeanPostProcessor.java:772)
	at org.springframework.beans.factory.annotation.AutowiredAnnotationBeanPostProcessor$AutowiredFieldElement.inject(AutowiredAnnotationBeanPostProcessor.java:752)
	at org.springframework.beans.factory.annotation.InjectionMetadata.inject(InjectionMetadata.java:145)
	at org.springframework.beans.factory.annotation.AutowiredAnnotationBeanPostProcessor.postProcessProperties(AutowiredAnnotationBeanPostProcessor.java:493)
	at org.springframework.beans.factory.support.AbstractAutowireCapableBeanFactory.populateBean(AbstractAutowireCapableBeanFactory.java:1420)
	at org.springframework.beans.factory.support.AbstractAutowireCapableBeanFactory.doCreateBean(AbstractAutowireCapableBeanFactory.java:600)
	at org.springframework.beans.factory.support.AbstractAutowireCapableBeanFactory.createBean(AbstractAutowireCapableBeanFactory.java:523)
	at org.springframework.beans.factory.support.AbstractBeanFactory.lambda$doGetBean$0(AbstractBeanFactory.java:325)
	at org.springframework.beans.factory.support.DefaultSingletonBeanRegistry.getSingleton(DefaultSingletonBeanRegistry.java:234)
	at org.springframework.beans.factory.support.AbstractBeanFactory.doGetBean(AbstractBeanFactory.java:323)
	at org.springframework.beans.factory.support.AbstractBeanFactory.getBean(AbstractBeanFactory.java:199)
	at org.springframework.beans.factory.support.DefaultListableBeanFactory.preInstantiateSingletons(DefaultListableBeanFactory.java:973)
	at org.springframework.context.support.AbstractApplicationContext.finishBeanFactoryInitialization(AbstractApplicationContext.java:946)
	at org.springframework.context.support.AbstractApplicationContext.refresh(AbstractApplicationContext.java:616)
	at org.springframework.boot.web.servlet.context.ServletWebServerApplicationContext.refresh(ServletWebServerApplicationContext.java:146)
	at org.springframework.boot.SpringApplication.refresh(SpringApplication.java:753)
	at org.springframework.boot.SpringApplication.refreshContext(SpringApplication.java:455)
	at org.springframework.boot.SpringApplication.run(SpringApplication.java:323)
	at org.springframework.boot.SpringApplication.run(SpringApplication.java:1342)
	at org.springframework.boot.SpringApplication.run(SpringApplication.java:1331)
	at com.example.demo.DemoApplication.main(DemoApplication.java:10)
	at java.base/jdk.internal.reflect.DirectMethodHandleAccessor.invoke(DirectMethodHandleAccessor.java:103)
	at java.base/java.lang.reflect.Method.invoke(Method.java:580)
	at org.springframework.boot.devtools.restart.RestartLauncher.run(RestartLauncher.java:50)
Caused by: org.springframework.beans.ConversionNotSupportedException: Failed to convert value of type 'java.lang.String' to required type 'org.slf4j.Logger'; Cannot convert value of type 'java.lang.String' to required type 'org.slf4j.Logger': no matching editors or conversion strategy found
	at org.springframework.beans.TypeConverterSupport.convertIfNecessary(TypeConverterSupport.java:84)
	at org.springframework.beans.TypeConverterSupport.convertIfNecessary(TypeConverterSupport.java:71)
	at org.springframework.beans.factory.support.DefaultListableBeanFactory.doResolveDependency(DefaultListableBeanFactory.java:1379)
	at org.springframework.beans.factory.support.DefaultListableBeanFactory.resolveDependency(DefaultListableBeanFactory.java:1348)
	at org.springframework.beans.factory.annotation.AutowiredAnnotationBeanPostProcessor$AutowiredFieldElement.resolveFieldValue(AutowiredAnnotationBeanPostProcessor.java:769)
	... 23 common frames omitted
Caused by: java.lang.IllegalStateException: Cannot convert value of type 'java.lang.String' to required type 'org.slf4j.Logger': no matching editors or conversion strategy found
	at org.springframework.beans.TypeConverterDelegate.convertIfNecessary(TypeConverterDelegate.java:272)
	at org.springframework.beans.TypeConverterSupport.convertIfNecessary(TypeConverterSupport.java:80)
	... 27 common frames omitted
[20240425 16:53:59:759][INFO ][com.example.demo.DemoApplication] Starting DemoApplication using Java 21.0.1 with PID 10608 (C:\Users\dnu05\sprintProjects\html-java\target\classes started by dnu05 in C:\Users\dnu05\sprintProjects\html-java)
[20240425 16:53:59:759][INFO ][com.example.demo.DemoApplication] No active profile set, falling back to 1 default profile: "default"
[20240425 16:53:59:881][INFO ][o.s.b.w.embedded.tomcat.TomcatWebServer] Tomcat initialized with port 4242 (http)
[20240425 16:53:59:881][INFO ][o.apache.coyote.http11.Http11NioProtocol] Initializing ProtocolHandler ["http-nio-4242"]
[20240425 16:53:59:881][INFO ][o.apache.catalina.core.StandardService] Starting service [Tomcat]
[20240425 16:53:59:881][INFO ][org.apache.catalina.core.StandardEngine] Starting Servlet engine: [Apache Tomcat/10.1.16]
[20240425 16:53:59:896][INFO ][o.a.c.c.C.[Tomcat-3].[localhost].[/]] Initializing Spring embedded WebApplicationContext
[20240425 16:53:59:896][INFO ][o.s.b.w.s.c.ServletWebServerApplicationContext] Root WebApplicationContext: initialization completed in 136 ms
[20240425 16:53:59:927][INFO ][o.s.b.d.a.OptionalLiveReloadServer] LiveReload server is running on port 35729
[20240425 16:53:59:930][INFO ][o.apache.coyote.http11.Http11NioProtocol] Starting ProtocolHandler ["http-nio-4242"]
[20240425 16:53:59:933][INFO ][o.s.b.w.embedded.tomcat.TomcatWebServer] Tomcat started on port 4242 (http) with context path ''
[20240425 16:53:59:934][INFO ][com.example.demo.DemoApplication] Started DemoApplication in 0.193 seconds (process running for 1854.057)
[20240425 16:53:59:934][INFO ][o.s.b.d.a.ConditionEvaluationDeltaLoggingListener] Condition evaluation unchanged
[20240425 16:54:15:585][INFO ][o.s.b.d.a.LocalDevToolsAutoConfiguration$RestartingClassPathChangeChangedEventListener] Restarting due to 1 class path change (1 addition, 0 deletions, 0 modifications)
[20240425 16:54:15:586][INFO ][o.apache.coyote.http11.Http11NioProtocol] Stopping ProtocolHandler ["http-nio-4242"]
[20240425 16:54:15:638][INFO ][com.example.demo.DemoApplication] Starting DemoApplication using Java 21.0.1 with PID 10608 (C:\Users\dnu05\sprintProjects\html-java\target\classes started by dnu05 in C:\Users\dnu05\sprintProjects\html-java)
[20240425 16:54:15:639][INFO ][com.example.demo.DemoApplication] No active profile set, falling back to 1 default profile: "default"
[20240425 16:54:15:768][INFO ][o.s.b.w.embedded.tomcat.TomcatWebServer] Tomcat initialized with port 4242 (http)
[20240425 16:54:15:768][INFO ][o.apache.coyote.http11.Http11NioProtocol] Initializing ProtocolHandler ["http-nio-4242"]
[20240425 16:54:15:768][INFO ][o.apache.catalina.core.StandardService] Starting service [Tomcat]
[20240425 16:54:15:768][INFO ][org.apache.catalina.core.StandardEngine] Starting Servlet engine: [Apache Tomcat/10.1.16]
[20240425 16:54:15:784][INFO ][o.a.c.c.C.[Tomcat-3].[localhost].[/]] Initializing Spring embedded WebApplicationContext
[20240425 16:54:15:784][INFO ][o.s.b.w.s.c.ServletWebServerApplicationContext] Root WebApplicationContext: initialization completed in 144 ms
[20240425 16:54:15:820][INFO ][o.s.b.d.a.OptionalLiveReloadServer] LiveReload server is running on port 35729
[20240425 16:54:15:822][INFO ][o.apache.coyote.http11.Http11NioProtocol] Starting ProtocolHandler ["http-nio-4242"]
[20240425 16:54:15:827][INFO ][o.s.b.w.embedded.tomcat.TomcatWebServer] Tomcat started on port 4242 (http) with context path ''
[20240425 16:54:15:829][INFO ][com.example.demo.DemoApplication] Started DemoApplication in 0.21 seconds (process running for 1869.953)
[20240425 16:54:15:830][INFO ][o.s.b.d.a.ConditionEvaluationDeltaLoggingListener] Condition evaluation unchanged
[20240425 16:54:32:481][INFO ][o.s.b.d.a.LocalDevToolsAutoConfiguration$RestartingClassPathChangeChangedEventListener] Restarting due to 1 class path change (0 additions, 1 deletion, 0 modifications)
[20240425 16:54:32:482][INFO ][o.apache.coyote.http11.Http11NioProtocol] Stopping ProtocolHandler ["http-nio-4242"]
[20240425 16:54:32:536][INFO ][com.example.demo.DemoApplication] Starting DemoApplication using Java 21.0.1 with PID 10608 (C:\Users\dnu05\sprintProjects\html-java\target\classes started by dnu05 in C:\Users\dnu05\sprintProjects\html-java)
[20240425 16:54:32:536][INFO ][com.example.demo.DemoApplication] No active profile set, falling back to 1 default profile: "default"
[20240425 16:54:32:659][INFO ][o.s.b.w.embedded.tomcat.TomcatWebServer] Tomcat initialized with port 4242 (http)
[20240425 16:54:32:659][INFO ][o.apache.coyote.http11.Http11NioProtocol] Initializing ProtocolHandler ["http-nio-4242"]
[20240425 16:54:32:659][INFO ][o.apache.catalina.core.StandardService] Starting service [Tomcat]
[20240425 16:54:32:659][INFO ][org.apache.catalina.core.StandardEngine] Starting Servlet engine: [Apache Tomcat/10.1.16]
[20240425 16:54:32:674][INFO ][o.a.c.c.C.[Tomcat-3].[localhost].[/]] Initializing Spring embedded WebApplicationContext
[20240425 16:54:32:674][INFO ][o.s.b.w.s.c.ServletWebServerApplicationContext] Root WebApplicationContext: initialization completed in 137 ms
[20240425 16:54:32:707][INFO ][o.s.b.d.a.OptionalLiveReloadServer] LiveReload server is running on port 35729
[20240425 16:54:32:709][INFO ][o.apache.coyote.http11.Http11NioProtocol] Starting ProtocolHandler ["http-nio-4242"]
[20240425 16:54:32:712][INFO ][o.s.b.w.embedded.tomcat.TomcatWebServer] Tomcat started on port 4242 (http) with context path ''
[20240425 16:54:32:714][INFO ][com.example.demo.DemoApplication] Started DemoApplication in 0.2 seconds (process running for 1886.837)
[20240425 16:54:32:715][INFO ][o.s.b.d.a.ConditionEvaluationDeltaLoggingListener] Condition evaluation unchanged
[20240425 16:54:34:134][INFO ][o.s.b.d.a.LocalDevToolsAutoConfiguration$RestartingClassPathChangeChangedEventListener] Restarting due to 1 class path change (1 addition, 0 deletions, 0 modifications)
[20240425 16:54:34:135][INFO ][o.apache.coyote.http11.Http11NioProtocol] Stopping ProtocolHandler ["http-nio-4242"]
[20240425 16:54:34:187][INFO ][com.example.demo.DemoApplication] Starting DemoApplication using Java 21.0.1 with PID 10608 (C:\Users\dnu05\sprintProjects\html-java\target\classes started by dnu05 in C:\Users\dnu05\sprintProjects\html-java)
[20240425 16:54:34:187][INFO ][com.example.demo.DemoApplication] No active profile set, falling back to 1 default profile: "default"
[20240425 16:54:34:313][INFO ][o.s.b.w.embedded.tomcat.TomcatWebServer] Tomcat initialized with port 4242 (http)
[20240425 16:54:34:313][INFO ][o.apache.coyote.http11.Http11NioProtocol] Initializing ProtocolHandler ["http-nio-4242"]
[20240425 16:54:34:313][INFO ][o.apache.catalina.core.StandardService] Starting service [Tomcat]
[20240425 16:54:34:313][INFO ][org.apache.catalina.core.StandardEngine] Starting Servlet engine: [Apache Tomcat/10.1.16]
[20240425 16:54:34:326][INFO ][o.a.c.c.C.[Tomcat-3].[localhost].[/]] Initializing Spring embedded WebApplicationContext
[20240425 16:54:34:326][INFO ][o.s.b.w.s.c.ServletWebServerApplicationContext] Root WebApplicationContext: initialization completed in 138 ms
[20240425 16:54:34:361][INFO ][o.s.b.d.a.OptionalLiveReloadServer] LiveReload server is running on port 35729
[20240425 16:54:34:364][INFO ][o.apache.coyote.http11.Http11NioProtocol] Starting ProtocolHandler ["http-nio-4242"]
[20240425 16:54:34:367][INFO ][o.s.b.w.embedded.tomcat.TomcatWebServer] Tomcat started on port 4242 (http) with context path ''
[20240425 16:54:34:368][INFO ][com.example.demo.DemoApplication] Started DemoApplication in 0.199 seconds (process running for 1888.491)
[20240425 16:54:34:369][INFO ][o.s.b.d.a.ConditionEvaluationDeltaLoggingListener] Condition evaluation unchanged
[20240425 16:54:57:142][INFO ][o.s.b.d.a.LocalDevToolsAutoConfiguration$RestartingClassPathChangeChangedEventListener] Restarting due to 1 class path change (0 additions, 1 deletion, 0 modifications)
[20240425 16:54:57:143][INFO ][o.apache.coyote.http11.Http11NioProtocol] Stopping ProtocolHandler ["http-nio-4242"]
[20240425 16:54:57:197][INFO ][com.example.demo.DemoApplication] Starting DemoApplication using Java 21.0.1 with PID 10608 (C:\Users\dnu05\sprintProjects\html-java\target\classes started by dnu05 in C:\Users\dnu05\sprintProjects\html-java)
[20240425 16:54:57:198][INFO ][com.example.demo.DemoApplication] No active profile set, falling back to 1 default profile: "default"
[20240425 16:54:57:337][INFO ][o.s.b.w.embedded.tomcat.TomcatWebServer] Tomcat initialized with port 4242 (http)
[20240425 16:54:57:337][INFO ][o.apache.coyote.http11.Http11NioProtocol] Initializing ProtocolHandler ["http-nio-4242"]
[20240425 16:54:57:338][INFO ][o.apache.catalina.core.StandardService] Starting service [Tomcat]
[20240425 16:54:57:338][INFO ][org.apache.catalina.core.StandardEngine] Starting Servlet engine: [Apache Tomcat/10.1.16]
[20240425 16:54:57:354][INFO ][o.a.c.c.C.[Tomcat-3].[localhost].[/]] Initializing Spring embedded WebApplicationContext
[20240425 16:54:57:354][INFO ][o.s.b.w.s.c.ServletWebServerApplicationContext] Root WebApplicationContext: initialization completed in 155 ms
[20240425 16:54:57:386][INFO ][o.s.b.d.a.OptionalLiveReloadServer] LiveReload server is running on port 35729
[20240425 16:54:57:389][INFO ][o.apache.coyote.http11.Http11NioProtocol] Starting ProtocolHandler ["http-nio-4242"]
[20240425 16:54:57:391][INFO ][o.s.b.w.embedded.tomcat.TomcatWebServer] Tomcat started on port 4242 (http) with context path ''
[20240425 16:54:57:393][INFO ][com.example.demo.DemoApplication] Started DemoApplication in 0.216 seconds (process running for 1911.516)
[20240425 16:54:57:393][INFO ][o.s.b.d.a.ConditionEvaluationDeltaLoggingListener] Condition evaluation unchanged
[20240425 16:54:58:812][INFO ][o.s.b.d.a.LocalDevToolsAutoConfiguration$RestartingClassPathChangeChangedEventListener] Restarting due to 1 class path change (1 addition, 0 deletions, 0 modifications)
[20240425 16:54:58:813][INFO ][o.apache.coyote.http11.Http11NioProtocol] Stopping ProtocolHandler ["http-nio-4242"]
[20240425 16:54:58:863][INFO ][com.example.demo.DemoApplication] Starting DemoApplication using Java 21.0.1 with PID 10608 (C:\Users\dnu05\sprintProjects\html-java\target\classes started by dnu05 in C:\Users\dnu05\sprintProjects\html-java)
[20240425 16:54:58:863][INFO ][com.example.demo.DemoApplication] No active profile set, falling back to 1 default profile: "default"
[20240425 16:54:58:979][INFO ][o.s.b.w.embedded.tomcat.TomcatWebServer] Tomcat initialized with port 4242 (http)
[20240425 16:54:58:979][INFO ][o.apache.coyote.http11.Http11NioProtocol] Initializing ProtocolHandler ["http-nio-4242"]
[20240425 16:54:58:980][INFO ][o.apache.catalina.core.StandardService] Starting service [Tomcat]
[20240425 16:54:58:980][INFO ][org.apache.catalina.core.StandardEngine] Starting Servlet engine: [Apache Tomcat/10.1.16]
[20240425 16:54:58:994][INFO ][o.a.c.c.C.[Tomcat-3].[localhost].[/]] Initializing Spring embedded WebApplicationContext
[20240425 16:54:58:994][INFO ][o.s.b.w.s.c.ServletWebServerApplicationContext] Root WebApplicationContext: initialization completed in 130 ms
[20240425 16:54:59:025][INFO ][o.s.b.d.a.OptionalLiveReloadServer] LiveReload server is running on port 35729
[20240425 16:54:59:027][INFO ][o.apache.coyote.http11.Http11NioProtocol] Starting ProtocolHandler ["http-nio-4242"]
[20240425 16:54:59:030][INFO ][o.s.b.w.embedded.tomcat.TomcatWebServer] Tomcat started on port 4242 (http) with context path ''
[20240425 16:54:59:033][INFO ][com.example.demo.DemoApplication] Started DemoApplication in 0.188 seconds (process running for 1913.156)
[20240425 16:54:59:033][INFO ][o.s.b.d.a.ConditionEvaluationDeltaLoggingListener] Condition evaluation unchanged
[20240425 16:56:00:398][INFO ][o.s.b.d.a.LocalDevToolsAutoConfiguration$RestartingClassPathChangeChangedEventListener] Restarting due to 1 class path change (0 additions, 1 deletion, 0 modifications)
[20240425 16:56:00:399][INFO ][o.apache.coyote.http11.Http11NioProtocol] Stopping ProtocolHandler ["http-nio-4242"]
[20240425 16:56:00:455][INFO ][com.example.demo.DemoApplication] Starting DemoApplication using Java 21.0.1 with PID 10608 (C:\Users\dnu05\sprintProjects\html-java\target\classes started by dnu05 in C:\Users\dnu05\sprintProjects\html-java)
[20240425 16:56:00:455][INFO ][com.example.demo.DemoApplication] No active profile set, falling back to 1 default profile: "default"
[20240425 16:56:00:576][INFO ][o.s.b.w.embedded.tomcat.TomcatWebServer] Tomcat initialized with port 4242 (http)
[20240425 16:56:00:577][INFO ][o.apache.coyote.http11.Http11NioProtocol] Initializing ProtocolHandler ["http-nio-4242"]
[20240425 16:56:00:577][INFO ][o.apache.catalina.core.StandardService] Starting service [Tomcat]
[20240425 16:56:00:577][INFO ][org.apache.catalina.core.StandardEngine] Starting Servlet engine: [Apache Tomcat/10.1.16]
[20240425 16:56:00:591][INFO ][o.a.c.c.C.[Tomcat-3].[localhost].[/]] Initializing Spring embedded WebApplicationContext
[20240425 16:56:00:591][INFO ][o.s.b.w.s.c.ServletWebServerApplicationContext] Root WebApplicationContext: initialization completed in 135 ms
[20240425 16:56:00:622][INFO ][o.s.b.d.a.OptionalLiveReloadServer] LiveReload server is running on port 35729
[20240425 16:56:00:626][INFO ][o.apache.coyote.http11.Http11NioProtocol] Starting ProtocolHandler ["http-nio-4242"]
[20240425 16:56:00:629][INFO ][o.s.b.w.embedded.tomcat.TomcatWebServer] Tomcat started on port 4242 (http) with context path ''
[20240425 16:56:00:631][INFO ][com.example.demo.DemoApplication] Started DemoApplication in 0.199 seconds (process running for 1974.754)
[20240425 16:56:00:631][INFO ][o.s.b.d.a.ConditionEvaluationDeltaLoggingListener] Condition evaluation unchanged
[20240425 16:56:02:051][INFO ][o.s.b.d.a.LocalDevToolsAutoConfiguration$RestartingClassPathChangeChangedEventListener] Restarting due to 1 class path change (1 addition, 0 deletions, 0 modifications)
[20240425 16:56:02:052][INFO ][o.apache.coyote.http11.Http11NioProtocol] Stopping ProtocolHandler ["http-nio-4242"]
[20240425 16:56:02:102][INFO ][com.example.demo.DemoApplication] Starting DemoApplication using Java 21.0.1 with PID 10608 (C:\Users\dnu05\sprintProjects\html-java\target\classes started by dnu05 in C:\Users\dnu05\sprintProjects\html-java)
[20240425 16:56:02:103][INFO ][com.example.demo.DemoApplication] No active profile set, falling back to 1 default profile: "default"
[20240425 16:56:02:228][INFO ][o.s.b.w.embedded.tomcat.TomcatWebServer] Tomcat initialized with port 4242 (http)
[20240425 16:56:02:228][INFO ][o.apache.coyote.http11.Http11NioProtocol] Initializing ProtocolHandler ["http-nio-4242"]
[20240425 16:56:02:228][INFO ][o.apache.catalina.core.StandardService] Starting service [Tomcat]
[20240425 16:56:02:228][INFO ][org.apache.catalina.core.StandardEngine] Starting Servlet engine: [Apache Tomcat/10.1.16]
[20240425 16:56:02:241][INFO ][o.a.c.c.C.[Tomcat-3].[localhost].[/]] Initializing Spring embedded WebApplicationContext
[20240425 16:56:02:242][INFO ][o.s.b.w.s.c.ServletWebServerApplicationContext] Root WebApplicationContext: initialization completed in 138 ms
[20240425 16:56:02:274][INFO ][o.s.b.d.a.OptionalLiveReloadServer] LiveReload server is running on port 35729
[20240425 16:56:02:276][INFO ][o.apache.coyote.http11.Http11NioProtocol] Starting ProtocolHandler ["http-nio-4242"]
[20240425 16:56:02:279][INFO ][o.s.b.w.embedded.tomcat.TomcatWebServer] Tomcat started on port 4242 (http) with context path ''
[20240425 16:56:02:280][INFO ][com.example.demo.DemoApplication] Started DemoApplication in 0.195 seconds (process running for 1976.403)
[20240425 16:56:02:280][INFO ][o.s.b.d.a.ConditionEvaluationDeltaLoggingListener] Condition evaluation unchanged
[20240425 16:56:08:782][INFO ][o.s.b.d.a.LocalDevToolsAutoConfiguration$RestartingClassPathChangeChangedEventListener] Restarting due to 1 class path change (0 additions, 1 deletion, 0 modifications)
[20240425 16:56:08:783][INFO ][o.apache.coyote.http11.Http11NioProtocol] Stopping ProtocolHandler ["http-nio-4242"]
[20240425 16:56:08:831][INFO ][com.example.demo.DemoApplication] Starting DemoApplication using Java 21.0.1 with PID 10608 (C:\Users\dnu05\sprintProjects\html-java\target\classes started by dnu05 in C:\Users\dnu05\sprintProjects\html-java)
[20240425 16:56:08:831][INFO ][com.example.demo.DemoApplication] No active profile set, falling back to 1 default profile: "default"
[20240425 16:56:09:012][INFO ][o.s.b.w.embedded.tomcat.TomcatWebServer] Tomcat initialized with port 4242 (http)
[20240425 16:56:09:012][INFO ][o.apache.coyote.http11.Http11NioProtocol] Initializing ProtocolHandler ["http-nio-4242"]
[20240425 16:56:09:013][INFO ][o.apache.catalina.core.StandardService] Starting service [Tomcat]
[20240425 16:56:09:013][INFO ][org.apache.catalina.core.StandardEngine] Starting Servlet engine: [Apache Tomcat/10.1.16]
[20240425 16:56:09:029][INFO ][o.a.c.c.C.[Tomcat-3].[localhost].[/]] Initializing Spring embedded WebApplicationContext
[20240425 16:56:09:029][INFO ][o.s.b.w.s.c.ServletWebServerApplicationContext] Root WebApplicationContext: initialization completed in 196 ms
[20240425 16:56:09:076][INFO ][o.s.b.d.a.OptionalLiveReloadServer] LiveReload server is running on port 35729
[20240425 16:56:09:081][INFO ][o.apache.coyote.http11.Http11NioProtocol] Starting ProtocolHandler ["http-nio-4242"]
[20240425 16:56:09:085][INFO ][o.s.b.w.embedded.tomcat.TomcatWebServer] Tomcat started on port 4242 (http) with context path ''
[20240425 16:56:09:086][INFO ][com.example.demo.DemoApplication] Started DemoApplication in 0.277 seconds (process running for 1983.209)
[20240425 16:56:09:087][INFO ][o.s.b.d.a.ConditionEvaluationDeltaLoggingListener] Condition evaluation unchanged
